app/build/intermediates/manifest_merge_blame_file/debug/manifest-merger-blame-debug-report.txt
1<?xml version="1.0" encoding="utf-8"?>
2<manifest xmlns:android="http://schemas.android.com/apk/res/android"
3    package="edu.upc.dsa.restproject"
4    android:versionCode="1"
5    android:versionName="1.0" >
6
7    <uses-sdk
8        android:minSdkVersion="25"
8-->src\main\AndroidManifest.xml
9        android:targetSdkVersion="33" />
9-->src\main\AndroidManifest.xml
10
11    <uses-permission android:name="android.permission.INTERNET" />
11-->src\main\AndroidManifest.xml:4:5-67
11-->src\main\AndroidManifest.xml:4:22-64
12
13    <queries>
13-->[com.google.ar:core:1.30.0] AndroidManifest.xml:29:5-31:15
14        <package android:name="com.google.ar.core" />
14-->[com.google.ar:core:1.30.0] AndroidManifest.xml:30:9-54
14-->[com.google.ar:core:1.30.0] AndroidManifest.xml:30:18-51
15    </queries>
16
17    <uses-permission android:name="android.permission.ACCESS_NETWORK_STATE" />
17-->[com.google.firebase:firebase-messaging:23.1.2] AndroidManifest.xml:24:5-79
17-->[com.google.firebase:firebase-messaging:23.1.2] AndroidManifest.xml:24:22-76
18    <uses-permission android:name="android.permission.POST_NOTIFICATIONS" />
18-->[com.google.firebase:firebase-messaging:23.1.2] AndroidManifest.xml:25:5-77
18-->[com.google.firebase:firebase-messaging:23.1.2] AndroidManifest.xml:25:22-74
19    <uses-permission android:name="android.permission.WAKE_LOCK" /> <!-- Required by older versions of Google Play services to create IID tokens -->
19-->[com.google.firebase:firebase-messaging:23.1.2] AndroidManifest.xml:26:5-68
19-->[com.google.firebase:firebase-messaging:23.1.2] AndroidManifest.xml:26:22-65
20    <uses-permission android:name="com.google.android.c2dm.permission.RECEIVE" />
20-->[com.google.firebase:firebase-messaging:23.1.2] AndroidManifest.xml:28:5-82
20-->[com.google.firebase:firebase-messaging:23.1.2] AndroidManifest.xml:28:22-79
21
22    <application
22-->src\main\AndroidManifest.xml:5:5-102:19
23        android:allowBackup="true"
23-->src\main\AndroidManifest.xml:6:9-35
24        android:appComponentFactory="androidx.core.app.CoreComponentFactory"
24-->[androidx.core:core:1.8.0] AndroidManifest.xml:24:18-86
25        android:dataExtractionRules="@xml/data_extraction_rules"
25-->src\main\AndroidManifest.xml:7:9-65
26        android:debuggable="true"
27        android:extractNativeLibs="true"
27-->src\main\AndroidManifest.xml:12:9-41
28        android:fullBackupContent="@xml/backup_rules"
28-->src\main\AndroidManifest.xml:8:9-54
29        android:icon="@drawable/ic_launcher_background"
29-->src\main\AndroidManifest.xml:9:9-56
30        android:label="@string/app_name"
30-->src\main\AndroidManifest.xml:10:9-41
31        android:roundIcon="@mipmap/ic_launcher_round"
31-->src\main\AndroidManifest.xml:15:9-54
32        android:supportsRtl="true"
32-->src\main\AndroidManifest.xml:11:9-35
33        android:testOnly="true"
34        android:theme="@style/Theme.RESTPROJECT"
34-->src\main\AndroidManifest.xml:14:9-49
35        android:usesCleartextTraffic="true" >
35-->src\main\AndroidManifest.xml:13:9-44
36        <activity
36-->src\main\AndroidManifest.xml:18:9-29:20
37            android:name="edu.upc.dsa.restproject.PrincipalMainActivity"
37-->src\main\AndroidManifest.xml:19:13-50
38            android:exported="true"
38-->src\main\AndroidManifest.xml:20:13-36
39            android:label="@string/app_name" >
39-->src\main\AndroidManifest.xml:21:13-45
40            <intent-filter>
40-->src\main\AndroidManifest.xml:22:13-25:29
41                <action android:name="android.intent.action.MAIN" />
41-->src\main\AndroidManifest.xml:23:17-69
41-->src\main\AndroidManifest.xml:23:25-66
42
43                <category android:name="android.intent.category.LAUNCHER" />
43-->src\main\AndroidManifest.xml:24:17-77
43-->src\main\AndroidManifest.xml:24:27-74
44            </intent-filter>
45
46            <meta-data
46-->src\main\AndroidManifest.xml:26:13-28:35
47                android:name="android.app.lib_name"
47-->src\main\AndroidManifest.xml:27:17-52
48                android:value="" />
48-->src\main\AndroidManifest.xml:28:17-33
49        </activity>
50        <activity
50-->src\main\AndroidManifest.xml:30:9-37:20
51            android:name="edu.upc.dsa.restproject.MainActivity"
51-->src\main\AndroidManifest.xml:31:13-41
52            android:exported="true"
52-->src\main\AndroidManifest.xml:32:13-36
53            android:label="@string/app_name" >
53-->src\main\AndroidManifest.xml:33:13-45
54            <meta-data
54-->src\main\AndroidManifest.xml:26:13-28:35
55                android:name="android.app.lib_name"
55-->src\main\AndroidManifest.xml:27:17-52
56                android:value="" />
56-->src\main\AndroidManifest.xml:28:17-33
57        </activity>
58        <activity
58-->src\main\AndroidManifest.xml:38:9-45:20
59            android:name="edu.upc.dsa.restproject.RegisterActivity"
59-->src\main\AndroidManifest.xml:39:13-45
60            android:exported="true"
60-->src\main\AndroidManifest.xml:40:13-36
61            android:label="@string/app_name" >
61-->src\main\AndroidManifest.xml:41:13-45
62            <meta-data
62-->src\main\AndroidManifest.xml:26:13-28:35
63                android:name="android.app.lib_name"
63-->src\main\AndroidManifest.xml:27:17-52
64                android:value="" />
64-->src\main\AndroidManifest.xml:28:17-33
65        </activity>
66        <activity
66-->src\main\AndroidManifest.xml:46:9-53:20
67            android:name="edu.upc.dsa.restproject.LoginActivity"
67-->src\main\AndroidManifest.xml:47:9-38
68            android:exported="true"
68-->src\main\AndroidManifest.xml:48:9-32
69            android:label="@string/app_name" >
69-->src\main\AndroidManifest.xml:49:9-41
70            <meta-data
70-->src\main\AndroidManifest.xml:26:13-28:35
71                android:name="android.app.lib_name"
71-->src\main\AndroidManifest.xml:27:17-52
72                android:value="" />
72-->src\main\AndroidManifest.xml:28:17-33
73        </activity>
74        <activity
74-->src\main\AndroidManifest.xml:54:9-61:20
75            android:name="edu.upc.dsa.restproject.AbuseActivity"
75-->src\main\AndroidManifest.xml:55:13-42
76            android:exported="true"
76-->src\main\AndroidManifest.xml:56:13-36
77            android:label="@string/app_name" >
77-->src\main\AndroidManifest.xml:57:13-45
78            <meta-data
78-->src\main\AndroidManifest.xml:26:13-28:35
79                android:name="android.app.lib_name"
79-->src\main\AndroidManifest.xml:27:17-52
80                android:value="" />
80-->src\main\AndroidManifest.xml:28:17-33
81        </activity>
82        <activity
82-->src\main\AndroidManifest.xml:62:9-69:20
83            android:name="edu.upc.dsa.restproject.TiendaActivity"
83-->src\main\AndroidManifest.xml:63:13-43
84            android:exported="true"
84-->src\main\AndroidManifest.xml:64:13-36
85            android:label="@string/app_name" >
85-->src\main\AndroidManifest.xml:65:13-45
86            <meta-data
86-->src\main\AndroidManifest.xml:26:13-28:35
87                android:name="android.app.lib_name"
87-->src\main\AndroidManifest.xml:27:17-52
88                android:value="" />
88-->src\main\AndroidManifest.xml:28:17-33
89        </activity>
90        <activity
90-->src\main\AndroidManifest.xml:70:9-77:20
91            android:name="edu.upc.dsa.restproject.FaqActivity"
91-->src\main\AndroidManifest.xml:71:13-40
92            android:exported="true"
92-->src\main\AndroidManifest.xml:72:13-36
93            android:label="@string/app_name" >
93-->src\main\AndroidManifest.xml:73:13-45
94            <meta-data
94-->src\main\AndroidManifest.xml:26:13-28:35
95                android:name="android.app.lib_name"
95-->src\main\AndroidManifest.xml:27:17-52
96                android:value="" />
96-->src\main\AndroidManifest.xml:28:17-33
97        </activity>
98        <activity
98-->src\main\AndroidManifest.xml:78:9-85:20
99            android:name="edu.upc.dsa.restproject.LanguageActivity"
99-->src\main\AndroidManifest.xml:79:13-45
100            android:exported="true"
100-->src\main\AndroidManifest.xml:80:13-36
101            android:label="@string/app_name" >
101-->src\main\AndroidManifest.xml:81:13-45
102            <meta-data
102-->src\main\AndroidManifest.xml:26:13-28:35
103                android:name="android.app.lib_name"
103-->src\main\AndroidManifest.xml:27:17-52
104                android:value="" />
104-->src\main\AndroidManifest.xml:28:17-33
105        </activity>
106        <activity
106-->src\main\AndroidManifest.xml:86:9-93:20
107            android:name="edu.upc.dsa.restproject.NotificationsActivity"
107-->src\main\AndroidManifest.xml:87:13-50
108            android:exported="true"
108-->src\main\AndroidManifest.xml:88:13-36
109            android:label="@string/app_name" >
109-->src\main\AndroidManifest.xml:89:13-45
110            <meta-data
110-->src\main\AndroidManifest.xml:26:13-28:35
111                android:name="android.app.lib_name"
111-->src\main\AndroidManifest.xml:27:17-52
112                android:value="" />
112-->src\main\AndroidManifest.xml:28:17-33
113        </activity>
114        <activity
114-->src\main\AndroidManifest.xml:94:9-101:20
115            android:name="edu.upc.dsa.restproject.ProfileActivity"
115-->src\main\AndroidManifest.xml:95:13-44
116            android:exported="true"
116-->src\main\AndroidManifest.xml:96:13-36
117            android:label="@string/app_name" >
117-->src\main\AndroidManifest.xml:97:13-45
118            <meta-data
118-->src\main\AndroidManifest.xml:26:13-28:35
119                android:name="android.app.lib_name"
119-->src\main\AndroidManifest.xml:27:17-52
120                android:value="" />
120-->src\main\AndroidManifest.xml:28:17-33
121        </activity>
122
123        <provider
123-->[com.squareup.picasso:picasso:2.71828] AndroidManifest.xml:8:9-11:40
124            android:name="com.squareup.picasso.PicassoProvider"
124-->[com.squareup.picasso:picasso:2.71828] AndroidManifest.xml:9:13-64
125            android:authorities="edu.upc.dsa.restproject.com.squareup.picasso"
125-->[com.squareup.picasso:picasso:2.71828] AndroidManifest.xml:10:13-72
126            android:exported="false" /> <!-- The minimal version code of ARCore APK required for an app using this SDK. -->
126-->[com.squareup.picasso:picasso:2.71828] AndroidManifest.xml:11:13-37
127        <meta-data
127-->[com.google.ar:core:1.30.0] AndroidManifest.xml:36:9-38:41
128            android:name="com.google.ar.core.min_apk_version"
128-->[com.google.ar:core:1.30.0] AndroidManifest.xml:37:13-62
129            android:value="213210000" /> <!-- This activity is critical for installing ARCore when it is not already present. -->
129-->[com.google.ar:core:1.30.0] AndroidManifest.xml:38:13-38
130        <activity
130-->[com.google.ar:core:1.30.0] AndroidManifest.xml:40:9-46:80
131            android:name="com.google.ar.core.InstallActivity"
131-->[com.google.ar:core:1.30.0] AndroidManifest.xml:41:13-62
132            android:configChanges="keyboardHidden|orientation|screenSize"
132-->[com.google.ar:core:1.30.0] AndroidManifest.xml:42:13-74
133            android:excludeFromRecents="true"
133-->[com.google.ar:core:1.30.0] AndroidManifest.xml:43:13-46
134            android:exported="false"
134-->[com.google.ar:core:1.30.0] AndroidManifest.xml:44:13-37
135            android:launchMode="singleTop"
135-->[com.google.ar:core:1.30.0] AndroidManifest.xml:45:13-43
136            android:theme="@android:style/Theme.Material.Light.Dialog.Alert" />
136-->[com.google.ar:core:1.30.0] AndroidManifest.xml:46:13-77
137
138        <receiver
138-->[com.google.firebase:firebase-messaging:23.1.2] AndroidManifest.xml:31:9-38:20
139            android:name="com.google.firebase.iid.FirebaseInstanceIdReceiver"
139-->[com.google.firebase:firebase-messaging:23.1.2] AndroidManifest.xml:32:13-78
140            android:exported="true"
140-->[com.google.firebase:firebase-messaging:23.1.2] AndroidManifest.xml:33:13-36
141            android:permission="com.google.android.c2dm.permission.SEND" >
141-->[com.google.firebase:firebase-messaging:23.1.2] AndroidManifest.xml:34:13-73
142            <intent-filter>
142-->[com.google.firebase:firebase-messaging:23.1.2] AndroidManifest.xml:35:13-37:29
143                <action android:name="com.google.android.c2dm.intent.RECEIVE" />
143-->[com.google.firebase:firebase-messaging:23.1.2] AndroidManifest.xml:36:17-81
143-->[com.google.firebase:firebase-messaging:23.1.2] AndroidManifest.xml:36:25-78
144            </intent-filter>
145        </receiver>
146        <!--
147             FirebaseMessagingService performs security checks at runtime,
148             but set to not exported to explicitly avoid allowing another app to call it.
149        -->
150        <service
150-->[com.google.firebase:firebase-messaging:23.1.2] AndroidManifest.xml:44:9-51:19
151            android:name="com.google.firebase.messaging.FirebaseMessagingService"
151-->[com.google.firebase:firebase-messaging:23.1.2] AndroidManifest.xml:45:13-82
152            android:directBootAware="true"
152-->[com.google.firebase:firebase-messaging:23.1.2] AndroidManifest.xml:46:13-43
153            android:exported="false" >
153-->[com.google.firebase:firebase-messaging:23.1.2] AndroidManifest.xml:47:13-37
154            <intent-filter android:priority="-500" >
154-->[com.google.firebase:firebase-messaging:23.1.2] AndroidManifest.xml:48:13-50:29
154-->[com.google.firebase:firebase-messaging:23.1.2] AndroidManifest.xml:48:28-51
155                <action android:name="com.google.firebase.MESSAGING_EVENT" />
155-->[com.google.firebase:firebase-messaging:23.1.2] AndroidManifest.xml:49:17-78
155-->[com.google.firebase:firebase-messaging:23.1.2] AndroidManifest.xml:49:25-75
156            </intent-filter>
157        </service>
158        <service
158-->[com.google.firebase:firebase-messaging:23.1.2] AndroidManifest.xml:52:9-58:19
159            android:name="com.google.firebase.components.ComponentDiscoveryService"
159-->[com.google.firebase:firebase-messaging:23.1.2] AndroidManifest.xml:53:13-84
160            android:directBootAware="true"
160-->[com.google.firebase:firebase-common:20.3.1] AndroidManifest.xml:34:13-43
161            android:exported="false" >
161-->[com.google.firebase:firebase-messaging:23.1.2] AndroidManifest.xml:54:13-37
162            <meta-data
162-->[com.google.firebase:firebase-messaging:23.1.2] AndroidManifest.xml:55:13-57:85
163                android:name="com.google.firebase.components:com.google.firebase.messaging.FirebaseMessagingRegistrar"
163-->[com.google.firebase:firebase-messaging:23.1.2] AndroidManifest.xml:56:17-119
164                android:value="com.google.firebase.components.ComponentRegistrar" />
164-->[com.google.firebase:firebase-messaging:23.1.2] AndroidManifest.xml:57:17-82
165            <meta-data
165-->[com.google.firebase:firebase-datatransport:18.1.7] AndroidManifest.xml:27:13-29:85
166                android:name="com.google.firebase.components:com.google.firebase.datatransport.TransportRegistrar"
166-->[com.google.firebase:firebase-datatransport:18.1.7] AndroidManifest.xml:28:17-115
167                android:value="com.google.firebase.components.ComponentRegistrar" />
167-->[com.google.firebase:firebase-datatransport:18.1.7] AndroidManifest.xml:29:17-82
168            <meta-data
168-->[com.google.firebase:firebase-installations:17.1.3] AndroidManifest.xml:17:13-19:85
169                android:name="com.google.firebase.components:com.google.firebase.installations.FirebaseInstallationsRegistrar"
169-->[com.google.firebase:firebase-installations:17.1.3] AndroidManifest.xml:18:17-127
170                android:value="com.google.firebase.components.ComponentRegistrar" />
170-->[com.google.firebase:firebase-installations:17.1.3] AndroidManifest.xml:19:17-82
171        </service>
172
173        <provider
173-->[com.google.firebase:firebase-common:20.3.1] AndroidManifest.xml:25:9-30:39
174            android:name="com.google.firebase.provider.FirebaseInitProvider"
174-->[com.google.firebase:firebase-common:20.3.1] AndroidManifest.xml:26:13-77
175            android:authorities="edu.upc.dsa.restproject.firebaseinitprovider"
175-->[com.google.firebase:firebase-common:20.3.1] AndroidManifest.xml:27:13-72
176            android:directBootAware="true"
176-->[com.google.firebase:firebase-common:20.3.1] AndroidManifest.xml:28:13-43
177            android:exported="false"
177-->[com.google.firebase:firebase-common:20.3.1] AndroidManifest.xml:29:13-37
178            android:initOrder="100" />
178-->[com.google.firebase:firebase-common:20.3.1] AndroidManifest.xml:30:13-36
179
180        <activity
180-->[com.google.android.gms:play-services-base:18.0.1] AndroidManifest.xml:20:9-22:45
181            android:name="com.google.android.gms.common.api.GoogleApiActivity"
181-->[com.google.android.gms:play-services-base:18.0.1] AndroidManifest.xml:20:19-85
182            android:exported="false"
182-->[com.google.android.gms:play-services-base:18.0.1] AndroidManifest.xml:22:19-43
183            android:theme="@android:style/Theme.Translucent.NoTitleBar" />
183-->[com.google.android.gms:play-services-base:18.0.1] AndroidManifest.xml:21:19-78
184
185        <meta-data
185-->[com.google.android.gms:play-services-basement:18.1.0] AndroidManifest.xml:21:9-23:69
186            android:name="com.google.android.gms.version"
186-->[com.google.android.gms:play-services-basement:18.1.0] AndroidManifest.xml:22:13-58
187            android:value="@integer/google_play_services_version" />
187-->[com.google.android.gms:play-services-basement:18.1.0] AndroidManifest.xml:23:13-66
188
189        <provider
189-->[androidx.emoji2:emoji2:1.2.0] AndroidManifest.xml:24:9-32:20
190            android:name="androidx.startup.InitializationProvider"
190-->[androidx.emoji2:emoji2:1.2.0] AndroidManifest.xml:25:13-67
191            android:authorities="edu.upc.dsa.restproject.androidx-startup"
191-->[androidx.emoji2:emoji2:1.2.0] AndroidManifest.xml:26:13-68
192            android:exported="false" >
192-->[androidx.emoji2:emoji2:1.2.0] AndroidManifest.xml:27:13-37
193            <meta-data
193-->[androidx.emoji2:emoji2:1.2.0] AndroidManifest.xml:29:13-31:52
194                android:name="androidx.emoji2.text.EmojiCompatInitializer"
194-->[androidx.emoji2:emoji2:1.2.0] AndroidManifest.xml:30:17-75
195                android:value="androidx.startup" />
195-->[androidx.emoji2:emoji2:1.2.0] AndroidManifest.xml:31:17-49
196            <meta-data
196-->[androidx.lifecycle:lifecycle-process:2.4.1] AndroidManifest.xml:31:13-33:52
197                android:name="androidx.lifecycle.ProcessLifecycleInitializer"
197-->[androidx.lifecycle:lifecycle-process:2.4.1] AndroidManifest.xml:32:17-78
198                android:value="androidx.startup" />
198-->[androidx.lifecycle:lifecycle-process:2.4.1] AndroidManifest.xml:33:17-49
199        </provider>
200
201        <uses-library
201-->[androidx.window:window:1.0.0] AndroidManifest.xml:25:9-27:40
202            android:name="androidx.window.extensions"
202-->[androidx.window:window:1.0.0] AndroidManifest.xml:26:13-54
203            android:required="false" />
203-->[androidx.window:window:1.0.0] AndroidManifest.xml:27:13-37
204        <uses-library
204-->[androidx.window:window:1.0.0] AndroidManifest.xml:28:9-30:40
205            android:name="androidx.window.sidecar"
205-->[androidx.window:window:1.0.0] AndroidManifest.xml:29:13-51
206            android:required="false" />
206-->[androidx.window:window:1.0.0] AndroidManifest.xml:30:13-37
207
208        <service
208-->[com.google.android.datatransport:transport-backend-cct:3.1.8] AndroidManifest.xml:28:9-34:19
209            android:name="com.google.android.datatransport.runtime.backends.TransportBackendDiscovery"
209-->[com.google.android.datatransport:transport-backend-cct:3.1.8] AndroidManifest.xml:29:13-103
210            android:exported="false" >
210-->[com.google.android.datatransport:transport-backend-cct:3.1.8] AndroidManifest.xml:30:13-37
211            <meta-data
211-->[com.google.android.datatransport:transport-backend-cct:3.1.8] AndroidManifest.xml:31:13-33:39
212                android:name="backend:com.google.android.datatransport.cct.CctBackendFactory"
212-->[com.google.android.datatransport:transport-backend-cct:3.1.8] AndroidManifest.xml:32:17-94
213                android:value="cct" />
213-->[com.google.android.datatransport:transport-backend-cct:3.1.8] AndroidManifest.xml:33:17-36
214        </service>
215        <service
215-->[com.google.android.datatransport:transport-runtime:3.1.8] AndroidManifest.xml:26:9-30:19
216            android:name="com.google.android.datatransport.runtime.scheduling.jobscheduling.JobInfoSchedulerService"
216-->[com.google.android.datatransport:transport-runtime:3.1.8] AndroidManifest.xml:27:13-117
217            android:exported="false"
217-->[com.google.android.datatransport:transport-runtime:3.1.8] AndroidManifest.xml:28:13-37
218            android:permission="android.permission.BIND_JOB_SERVICE" >
218-->[com.google.android.datatransport:transport-runtime:3.1.8] AndroidManifest.xml:29:13-69
219        </service>
220
221        <receiver
221-->[com.google.android.datatransport:transport-runtime:3.1.8] AndroidManifest.xml:32:9-34:40
222            android:name="com.google.android.datatransport.runtime.scheduling.jobscheduling.AlarmManagerSchedulerBroadcastReceiver"
222-->[com.google.android.datatransport:transport-runtime:3.1.8] AndroidManifest.xml:33:13-132
223            android:exported="false" />
223-->[com.google.android.datatransport:transport-runtime:3.1.8] AndroidManifest.xml:34:13-37
224    </application>
225
226</manifest>